[07:17:59] [global] Settings saved
[07:18:40] [google/sites] Added: https://www.ing.nl/
[07:18:58] [google/sites] Added: https://www.snsbank.nl/
[07:19:39] [google/sites] Added: https://www.abnamro.nl/
[07:20:41] [google] Bulk added 3 browse sites
[07:21:01] [google/sites] Added: https://guardian.co.uk
[07:21:10] [google] Sites configuration saved
[07:21:20] Queued 2 profiles (max parallel: 3)
[07:21:20] [24298afd] Started (running: 1)
[07:21:20] [84b19dec] Started (running: 2)
[07:21:20] [24298afd] Starting (google)...
[07:21:20] [84b19dec] Starting (google)...
[07:21:24] [24298afd] Country detected: The Netherlands
[07:21:24] [24298afd] Proxy: 185.168.250.53 (The Netherlands)
[07:21:25] [84b19dec] Country detected: United Kingdom
[07:21:25] [84b19dec] Proxy: 161.0.4.138 (United Kingdom)
[07:21:25] [24298afd] Media blocking enabled
[07:21:25] [24298afd] Notifications blocked
[07:21:25] [24298afd] Connected to Octo Browser
[07:21:25] [24298afd] Window minimized via CDP
[07:21:25] [24298afd] 🚀 Google Warm-up mode
[07:21:25] [24298afd] 📺 YouTube activity enabled via checkbox (100% chance)
[07:21:25] [24298afd] 🌍 Geo mode (NL): 4 local + 4 generic = 8 sites
[07:21:25] [24298afd] 📋 Plan: 8 sites + YouTube activity + Gmail checks
[07:21:25] [24298afd] 
[1/8] https://www.abnamro.nl/
[07:21:25] [24298afd]    🌐 Browsing only (no auth)
[07:21:26] [84b19dec] Media blocking enabled
[07:21:26] [84b19dec] Notifications blocked
[07:21:26] [84b19dec] Connected to Octo Browser
[07:21:26] [84b19dec] Window minimized via CDP
[07:21:26] [84b19dec] 🚀 Google Warm-up mode
[07:21:26] [84b19dec] 📺 YouTube activity enabled via checkbox (100% chance)
[07:21:26] [84b19dec] 🌍 Geo mode (GB): 5 local + 5 generic = 10 sites
[07:21:26] [84b19dec] 📋 Plan: 10 sites + YouTube activity + Gmail checks
[07:21:26] [84b19dec] 
[1/10] https://bbc.co.uk
[07:21:26] [84b19dec]    🌐 Browsing only (no auth)
[07:21:30] [24298afd] Cookies: OK
[07:21:31] [24298afd]    Browsing for 17s...
[07:21:53] [24298afd]    ✓ Browsed 21s
[07:21:57] [24298afd] 
[2/8] https://www.rabobank.nl/
[07:21:57] [24298afd]    🌐 Browsing only (no auth)
[07:22:03] [24298afd]    Browsing for 11s...
[07:22:38] [24298afd]    ✓ Browsed 34s
[07:22:41] [24298afd] 
[3/8] https://photos.google.com/
[07:22:41] [24298afd]    🌐 Browsing only (no auth)
[07:22:41] [24298afd]    🔍 Google service → searching via Google
[07:22:41] [24298afd]    🔍 Searching Google for: Google Photos
[07:22:51] [24298afd]    ✓ Found photos.google.com, opening in new tab...
[07:22:54] [24298afd]    ✓ Navigated via Google search
[07:22:57] [24298afd]    Browsing for 20s...
[07:23:04] [84b19dec]    Browsing for 14s...
[07:23:14] [84b19dec] Cookies: OK
[07:23:19] [24298afd]    ✓ Browsed 22s
[07:23:25] [24298afd] 
[4/8] https://calendar.google.com/
[07:23:25] [24298afd]    🌐 Browsing only (no auth)
[07:23:25] [24298afd]    🔍 Google service → searching via Google
[07:23:25] [24298afd]    🔍 Searching Google for: Google Calendar
[07:23:33] [24298afd]    ✓ Found calendar.google.com, opening in new tab...
[07:23:36] [24298afd]    ✓ Navigated via Google search
[07:24:16] [84b19dec]    ✓ Browsed 71s
[07:24:21] [84b19dec] 
[2/10] https://moovly.com
[07:24:21] [84b19dec]    🌐 Browsing only (no auth)
[07:24:28] [84b19dec]    Browsing for 25s...
[07:24:42] [24298afd]    Browsing for 21s...
[07:24:56] [84b19dec]    ✓ Browsed 28s
[07:25:02] [84b19dec] 
[3/10] https://picmonkey.com
[07:25:02] [84b19dec]    🔍 Searching Google for: picmonkey
[07:25:11] [84b19dec]    ✓ Found picmonkey.com, opening in new tab...
[07:25:14] [84b19dec]    ✓ Navigated via Google search
[07:25:16] [84b19dec]    Scanning for Google One Tap...
[07:25:18] [84b19dec]    ✓ Found One Tap: 390x183 at (360,50)
[07:25:18] [84b19dec]    Click center: (556, 141)
[07:25:19] [84b19dec]    Click button: (556, 193)
[07:25:19] [84b19dec]    Click account: (556, 105)
[07:25:21] [84b19dec]    ✓ Found One Tap: 390x183 at (360,50)
[07:25:22] [84b19dec]    Click center: (556, 141)
[07:25:23] [84b19dec]    ✓ Iframe closed!
[07:25:23] [84b19dec]    ✓ Successfully clicked One Tap!
[07:25:30] [84b19dec]    Browsing for 26s...
[07:25:56] [24298afd]    ✓ Browsed 74s
[07:26:00] [24298afd] 
[5/8] https://moovly.com
[07:26:00] [24298afd]    🌐 Browsing only (no auth)
[07:26:00] [84b19dec]    ✓ Browsed 30s
[07:26:01] [84b19dec] 
📺 Time for YouTube activity...
[07:26:01] [84b19dec] 📺 Starting YouTube activity...
[07:26:01] [84b19dec]    🔍 Searching Google for: YouTube
[07:26:06] [24298afd]    Browsing for 25s...
[07:26:08] [84b19dec]    ✓ Found youtube.com, opening in new tab...
[07:26:13] [84b19dec]    ✓ Navigated via Google search
[07:26:15] [84b19dec]    🔍 YouTube search: startup
[07:26:24] [84b19dec]    📹 Will watch 3 video(s)
[07:26:24] [84b19dec]    [1/3] Selecting video...
[07:26:28] [84b19dec]    ▶️ Opening: Lecture 1 - How to Start a Startup (Sam ...
[07:26:30] [84b19dec]    ⏱️ Watching for 23s...
[07:26:33] [24298afd]    ✓ Browsed 26s
[07:26:33] [24298afd] 
📺 Time for YouTube activity...
[07:26:33] [24298afd] 📺 Starting YouTube activity...
[07:26:33] [24298afd]    🔍 Searching Google for: YouTube
[07:26:40] [24298afd]    ✓ Found youtube.com, opening in new tab...
[07:26:46] [24298afd]    ✓ Navigated via Google search
[07:26:48] [24298afd]    🔍 YouTube search: animation
[07:26:55] [84b19dec]    ✓ Watched 25s
[07:26:56] [84b19dec]    👍 Liked video
[07:26:57] [24298afd]    📹 Will watch 5 video(s)
[07:26:57] [24298afd]    [1/5] Selecting video...
[07:26:59] [84b19dec]    🔖 Saving to Watch later...
[07:26:59] [84b19dec]       Regular video, clicking Save button...
[07:26:59] [84b19dec]       Found Save button via aria-label
[07:27:00] [84b19dec]       Looking for Watch later option...
[07:27:01] [84b19dec]       ✓ Clicked Watch later (aria-label)
[07:27:02] [24298afd]    ▶️ Opening: The body builder! 😀 (4k memes) #shorts
[07:27:02] [84b19dec]    ✓ Saved to Watch later
[07:27:07] [84b19dec]    [2/3] Selecting video...
[07:27:12] [84b19dec]    ▶️ Opening: 2026 Dynasty Startup Mock Draft (+ DJ Mo...
[07:27:14] [24298afd]    ⏱️ Watching for 41s...
[07:27:15] [84b19dec]    ⏱️ Watching for 53s...
[07:27:56] [24298afd]    ✓ Watched 42s
[07:27:56] [24298afd]    🔖 Saving to Watch later...
[07:27:56] [24298afd]       Shorts detected, using menu...
[07:27:57] [24298afd]       ⚠️ Save to playlist option not found
[07:28:02] [24298afd]    [2/5] Selecting video...
[07:28:03] [24298afd]    ▶️ Opening: I’m so in shape
[07:28:09] [84b19dec]    ✓ Watched 54s
[07:28:10] [84b19dec]    👍 Liked video
[07:28:16] [84b19dec]    [3/3] Selecting video...
[07:28:16] [24298afd]    ⏱️ Watching for 25s...
[07:28:20] [84b19dec]    ▶️ Opening: 2026 Dynasty Startup Mock Draft (+ DJ Mo...
[07:28:22] [84b19dec]    ⏱️ Watching for 19s...
[07:28:42] [84b19dec]    ✓ Watched 19s
[07:28:42] [84b19dec]    ✅ YouTube activity complete
[07:28:44] [24298afd]    ✓ Watched 27s
[07:28:44] [24298afd]    🔖 Saving to Watch later...
[07:28:44] [24298afd]       Shorts detected, using menu...
[07:28:45] [24298afd]       ⚠️ Save to playlist option not found
[07:28:48] [84b19dec] 
[4/10] https://guardian.co.uk
[07:28:48] [84b19dec]    🌐 Browsing only (no auth)
[07:28:51] [24298afd]    [3/5] Selecting video...
[07:28:56] [84b19dec]    Browsing for 10s...
[07:28:56] [24298afd]    ▶️ Opening: I’m so in shape
[07:29:09] [24298afd]    ⏱️ Watching for 36s...
[07:29:10] [84b19dec]    ✓ Browsed 14s
[07:29:15] [84b19dec] 
[5/10] https://logoai.com
[07:29:15] [84b19dec]    🌐 Browsing only (no auth)
[07:29:27] [84b19dec]    Browsing for 16s...
[07:29:45] [84b19dec]    ✓ Browsed 18s
[07:29:47] [24298afd]    ✓ Watched 38s
[07:29:50] [84b19dec] 
[6/10] https://www.gov.uk/
[07:29:50] [84b19dec]    🌐 Browsing only (no auth)
[07:29:50] [24298afd]    [4/5] Selecting video...
[07:29:54] [24298afd]    ▶️ Opening: I’m so in shape
[07:29:55] [84b19dec]    Browsing for 15s...
[07:30:06] [24298afd]    ⏱️ Watching for 33s...
[07:30:16] [84b19dec]    ✓ Browsed 21s
[07:30:22] [84b19dec] 
[7/10] https://tesco.co.uk
[07:30:22] [84b19dec]    🌐 Browsing only (no auth)
[07:30:30] [84b19dec] Cookies: Accept
[07:30:33] [84b19dec]    Browsing for 21s...
[07:30:41] [24298afd]    ✓ Watched 34s
[07:30:44] [24298afd]    [5/5] Selecting video...
[07:30:48] [24298afd]    ▶️ Opening: Vanishing Clothes Magic #animation #meme...
[07:30:57] [84b19dec]    ✓ Browsed 24s
[07:30:58] [84b19dec] 
📧 Gmail check #1...
[07:31:00] [24298afd]    ⏱️ Watching for 17s...
[07:31:04] [84b19dec]    🚫 Spam (read time: 11s)
[07:31:04] [84b19dec]    📬 Found 6 emails, will read 1 (10%)
[07:31:04] [84b19dec]    📖 [1/1]: What credit cards do the richest pe...
[07:31:07] [84b19dec]       🔗 Clicking link: https://www.quora.com/qemail/tc?aoid&aoty=7&aty=4&...
[07:31:09] [84b19dec]       🌐 Browsing linked site...
[07:31:17] [84b19dec]       ✓ Browsed 6s, closing tab
[07:31:21] [24298afd]    ✓ Watched 21s
[07:31:21] [24298afd]    🔖 Saving to Watch later...
[07:31:21] [24298afd]       Shorts detected, using menu...
[07:31:22] [24298afd]       ⚠️ Save to playlist option not found
[07:31:25] [24298afd]    ✅ YouTube activity complete
[07:31:27] [84b19dec]       ✓ Read for 9s
[07:31:29] [84b19dec]    ✓ Read 1 emails
[07:31:31] [24298afd] 
[6/8] https://www.snsbank.nl/
[07:31:31] [24298afd]    🌐 Browsing only (no auth)
[07:31:32] [84b19dec] 
[8/10] https://brief.news
[07:31:32] [84b19dec]    🌐 Browsing only (no auth)
[07:31:35] [24298afd] Cookies: OK
[07:31:35] [24298afd]    Browsing for 29s...
[07:32:05] [24298afd]    ✓ Browsed 29s
[07:32:08] [24298afd] 
[7/8] https://www.newsinstitute.org/
[07:32:08] [24298afd]    🌐 Browsing only (no auth)
[07:32:12] [24298afd]    Browsing for 21s...
[07:32:34] [24298afd]    ✓ Browsed 21s
[07:32:35] [24298afd] 
📧 Gmail check #1...
[07:32:40] [24298afd]    📥 Inbox (read time: 28s)
[07:32:40] [24298afd]    📬 Found 14 emails, will read 1 (10%)
[07:32:40] [24298afd]    📖 [1/1]: Actie vereist: Uw website verifiëre...
[07:32:42] [24298afd]       🔗 Clicking link: https://c.gle/AEJ26qs3A1qMA5CxsVU3LAEi5sRunscoDIef...
[07:32:43] [84b19dec]    Browsing for 27s...
[07:32:44] [24298afd]       🌐 Browsing linked site...
[07:32:58] [24298afd]       ✓ Browsed 12s, closing tab
[07:33:15] [84b19dec]    ✓ Browsed 31s
[07:33:18] [84b19dec] 
[9/10] https://www.agoravox.fr/
[07:33:18] [84b19dec]    🌐 Browsing only (no auth)
[07:33:23] [24298afd]       ✓ Read for 24s
[07:33:24] [24298afd]    ✓ Read 1 emails
[07:33:30] [24298afd] 
[8/8] https://www.ing.nl/
[07:33:30] [24298afd]    🌐 Browsing only (no auth)
[07:33:43] [84b19dec]    Browsing for 17s...
[07:34:18] [84b19dec]    ✓ Browsed 35s
[07:34:24] [84b19dec] 
[10/10] https://www.barclays.co.uk/
[07:34:24] [84b19dec]    🌐 Browsing only (no auth)
[07:34:31] [84b19dec]    Browsing for 19s...
[07:34:36] [24298afd]    Browsing for 23s...
[07:34:50] [84b19dec]    ✓ Browsed 19s
[07:34:51] [84b19dec] 
📧 Final Gmail check (100% chance)...
[07:34:51] [84b19dec] 📧 Opening Gmail... (read time: 12s per email)
[07:34:53] [84b19dec] Gmail inbox loaded
[07:34:53] [84b19dec] 
📥 Inbox - checking...
[07:34:55] [84b19dec]    📬 Found 6 emails, will read 1 (30%)
[07:34:55] [84b19dec]    📖 [1/1]: Welcome to Adobe
[07:35:10] [84b19dec]       ✓ Read for 12s
[07:35:14] [84b19dec] 
📧 Gmail activity complete: read 1 emails total
[07:35:14] [84b19dec] 
✅ Google Warm-up complete! (5 GB sites, 5 generic)
[07:35:14] [84b19dec] 🧹 Closing 1 extra tab(s)...
[07:35:15] [84b19dec] ✅ Tabs cleaned up
[07:35:15] [84b19dec] Blocked 197 media requests
[07:35:20] [84b19dec] Done
[07:35:20] [84b19dec] Done (running: 1, pending: 0)
[07:36:19] [24298afd]    ✓ Browsed 102s
[07:36:19] [24298afd] 
📧 Final Gmail check (100% chance)...
[07:36:19] [24298afd] 📧 Opening Gmail... (read time: 20s per email)
[07:36:22] [24298afd] Gmail inbox loaded
[07:36:22] [24298afd] 
📥 Inbox - checking...
[07:36:25] [24298afd]    📬 Found 14 emails, will read 4 (30%)
[07:36:25] [24298afd]    📖 [1/4]: randyhart761@gmail.com sent you a c...
[07:36:54] [24298afd]       ✓ Read for 27s
[07:36:56] [24298afd]    📖 [2/4]: Security alert
[07:37:22] [24298afd]       ✓ Read for 23s
[07:37:24] [24298afd]    📖 [3/4]: Actie vereist: Uw website verifiëre...
[07:37:45] [24298afd]       ✓ Read for 19s
[07:37:46] [24298afd]    📖 [4/4]: Critical security alert
[07:38:03] [24298afd]       ✓ Read for 15s
[07:38:08] [24298afd] 
🏷️ Promotions - checking...
[07:38:21] [24298afd]    🏷️ Promotions is empty or not loaded
[07:38:21] [24298afd] 
📧 Gmail activity complete: read 4 emails total
[07:38:21] [24298afd] 
✅ Google Warm-up complete! (4 NL sites, 4 generic)
[07:38:21] [24298afd] Blocked 188 media requests
[07:38:26] [24298afd] Done
[07:38:26] [24298afd] Done (running: 0, pending: 0)
[07:38:26] All done
[08:11:38] [google] Settings saved
[08:11:41] Mode: COOKIE
[08:11:55] [cookie] Settings saved
[08:12:43] [cookie] Settings saved
[08:12:47] Mode: GOOGLE
[08:12:53] Mode: COOKIE
[08:13:00] Mode: GOOGLE
[08:13:10] [google] Settings saved
[08:13:18] [google] Settings saved
[08:14:44] [global] Settings saved
[08:16:41] [global] Settings saved
[08:21:11] Connected to Octo Browser
[08:21:19] [global] Settings saved
[08:21:28] Queued 1 profiles (max parallel: 3)
[08:21:28] [3d8516e0] Started (running: 1)
[08:21:28] [3d8516e0] Starting (cookie)...
[08:21:32] [3d8516e0] Country detected: Slovenia
[08:21:32] [3d8516e0] Proxy: 212.102.153.89 (Slovenia)
[08:21:41] [3d8516e0] Media blocking enabled
[08:21:41] [3d8516e0] Notifications blocked
[08:21:41] [3d8516e0] Connected to Octo Browser
[08:21:43] [3d8516e0] Window minimized via CDP
[08:21:43] [3d8516e0] 🌍 Geo mode (SI): 1 local + 1 generic = 2 sites
[08:21:43] [3d8516e0] [1/2] https://www.forbes.com/newsletters
[08:21:43] [3d8516e0]    🔍 Navigating via Google Search...
[08:21:43] [3d8516e0]    🔍 Searching Google for: forbes
[08:21:55] Stopping...
[08:21:55] [3d8516e0]    ✓ Found forbes.com, opening in new tab...
[08:21:55] [3d8516e0]    ⚠️ Site navigation failed: Page.goto: Target page, contex
[08:21:55] [3d8516e0]    ⚠️ Google Search failed, trying direct...
[08:21:55] [3d8516e0]    ⚠️ Direct navigation failed: BrowserContext.new_page: Protocol error 
[08:21:55] [3d8516e0]    Browsing for 19s...
[08:21:56] [3d8516e0] ✅ Session completed: 0 SI sites, 1 generic sites
[08:21:56] [3d8516e0] Blocked 4 media requests
[08:21:58] [3d8516e0] Done
[08:21:58] [3d8516e0] Done (running: 0, pending: 0)
[08:21:58] All done
[08:22:01] Mode: GOOGLE
[08:22:04] Queued 2 profiles (max parallel: 3)
[08:22:04] [24298afd] Started (running: 1)
[08:22:04] [84b19dec] Started (running: 2)
[08:22:04] [24298afd] Starting (google)...
[08:22:04] [84b19dec] Starting (google)...
[08:22:08] [24298afd] Country detected: The Netherlands
[08:22:08] [24298afd] Proxy: 185.168.250.53 (The Netherlands)
[08:22:09] [84b19dec] Country detected: United Kingdom
[08:22:09] [84b19dec] Proxy: 161.0.4.138 (United Kingdom)
[08:22:09] [24298afd] Media blocking enabled
[08:22:09] [24298afd] Notifications blocked
[08:22:09] [24298afd] Connected to Octo Browser
[08:22:09] [84b19dec] Media blocking enabled
[08:22:09] [84b19dec] Notifications blocked
[08:22:09] [84b19dec] Connected to Octo Browser
[08:22:10] [24298afd] Window minimized via CDP
[08:22:10] [24298afd] 🚀 Google Warm-up mode
[08:22:10] [24298afd] 📺 YouTube activity enabled via checkbox (100% chance)
[08:22:10] [24298afd] 🌍 Geo mode (NL): 4 local + 5 generic = 9 sites
[08:22:10] [24298afd] 📋 Plan: 9 sites + YouTube activity + Gmail checks
[08:22:10] [24298afd] 
[1/9] https://www.theskimm.com/newsletters
[08:22:10] [24298afd]    🌐 Browsing only (no auth)
[08:22:10] [84b19dec] Window minimized via CDP
[08:22:10] [84b19dec] 🚀 Google Warm-up mode
[08:22:10] [84b19dec] 📺 YouTube activity enabled via checkbox (100% chance)
[08:22:10] [84b19dec] 🌍 Geo mode (GB): 5 local + 7 generic = 12 sites
[08:22:11] [84b19dec] 📋 Plan: 12 sites + YouTube activity + Gmail checks
[08:22:11] [84b19dec] 
[1/12] https://boxy-svg.com
[08:22:11] [84b19dec]    🌐 Browsing only (no auth)
[08:22:15] [24298afd] Cookies: OK
[08:22:15] [24298afd]    Browsing for 14s...
[08:22:18] [84b19dec]    Browsing for 30s...
[08:22:30] [24298afd]    ✓ Browsed 14s
[08:22:36] [24298afd] 
[2/9] https://vectornator.io
[08:22:36] [24298afd]    🌐 Browsing only (no auth)
[08:22:41] [24298afd]    Browsing for 13s...
[08:22:49] [84b19dec]    ✓ Browsed 31s
[08:22:53] [84b19dec] 
[2/12] https://www.bsi.si/
[08:22:53] [84b19dec]    🌐 Browsing only (no auth)
[08:23:02] Stopping...
[08:23:02] [24298afd]    ✓ Browsed 16s
[08:23:02] [84b19dec]    Browsing for 23s...
[08:23:03] [84b19dec] 
✅ Google Warm-up complete! (0 GB sites, 2 generic)
[08:23:04] [24298afd] 
✅ Google Warm-up complete! (0 NL sites, 2 generic)
[08:23:04] [24298afd] Blocked 55 media requests
[08:23:05] [84b19dec] Done
[08:23:05] [84b19dec] Done (running: 1, pending: 0)
[08:23:06] [24298afd] Done
[08:23:06] [24298afd] Done (running: 0, pending: 0)
[08:23:06] All done
[08:26:33] Connected to Octo Browser
[08:26:35] Queued 1 profiles (max parallel: 3)
[08:26:35] [3d8516e0] Started (running: 1)
[08:26:35] [3d8516e0] Starting (cookie)...
[08:26:39] [3d8516e0] Country detected: Slovenia
[08:26:39] [3d8516e0] Proxy: 212.102.153.89 (Slovenia)
[08:26:40] [3d8516e0] Media blocking enabled
[08:26:40] [3d8516e0] Notifications blocked
[08:26:40] [3d8516e0] Connected to Octo Browser
[08:26:40] [3d8516e0] Window minimized via CDP
[08:26:40] [3d8516e0] 🌍 Geo mode (SI): 1 local + 1 generic = 2 sites
[08:26:40] [3d8516e0] [1/2] https://renderforest.com
[08:26:40] [3d8516e0]    🔍 Navigating via Google Search...
[08:26:40] [3d8516e0]    🔍 Searching Google for: renderforest
[08:26:54] Stopping...
[08:26:54] [3d8516e0]    ⚠️ Google search failed: Keyboard.type: Target page, context or b
[08:26:54] [3d8516e0]    ⚠️ Google Search failed, trying direct...
[08:26:54] [3d8516e0]    ⚠️ Direct navigation failed: BrowserContext.new_page: Protocol error 
[08:26:54] [3d8516e0]    Browsing for 12s...
[08:26:55] [3d8516e0] ✅ Session completed: 0 SI sites, 1 generic sites
[08:26:57] [3d8516e0] Done
[08:26:57] [3d8516e0] Done (running: 0, pending: 0)
[08:26:57] All done
[08:27:00] Mode: GOOGLE
[08:27:03] Queued 2 profiles (max parallel: 3)
[08:27:03] [24298afd] Started (running: 1)
[08:27:03] [84b19dec] Started (running: 2)
[08:27:03] [24298afd] Starting (google)...
[08:27:03] [84b19dec] Starting (google)...
[08:27:07] [24298afd] Country detected: The Netherlands
[08:27:07] [24298afd] Proxy: 185.168.250.53 (The Netherlands)
[08:27:08] [84b19dec] Country detected: United Kingdom
[08:27:08] [84b19dec] Proxy: 161.0.4.138 (United Kingdom)
[08:27:08] [24298afd] Media blocking enabled
[08:27:08] [24298afd] Notifications blocked
[08:27:08] [24298afd] Connected to Octo Browser
[08:27:09] [84b19dec] Media blocking enabled
[08:27:09] [84b19dec] Notifications blocked
[08:27:09] [24298afd] Window minimized via CDP
[08:27:09] [24298afd] 🚀 Google Warm-up mode
[08:27:09] [24298afd] 📺 YouTube activity enabled via checkbox (100% chance)
[08:27:09] [24298afd] 🌍 Geo mode (NL): 1 local + 1 generic = 2 sites
[08:27:09] [24298afd] 📋 Plan: 2 sites + YouTube activity + Gmail checks
[08:27:09] [84b19dec] Connected to Octo Browser
[08:27:09] [24298afd] 
[1/2] https://www.rabobank.nl/
[08:27:09] [24298afd]    🌐 Browsing only (no auth)
[08:27:09] [84b19dec] Window minimized via CDP
[08:27:09] [84b19dec] 🚀 Google Warm-up mode
[08:27:09] [84b19dec] 📺 YouTube activity enabled via checkbox (100% chance)
[08:27:09] [84b19dec] 🌍 Geo mode (GB): 5 local + 10 generic = 15 sites
[08:27:09] [84b19dec] 📋 Plan: 15 sites + YouTube activity + Gmail checks
[08:27:09] [84b19dec] 
[1/15] https://www.bbc.com/
[08:27:09] [84b19dec]    🌐 Browsing only (no auth)
[08:27:17] [84b19dec] Cookies: OK
[08:27:17] [24298afd]    Browsing for 16s...
[08:27:18] [84b19dec]    Browsing for 26s...
[08:27:50] Stopping...
[08:27:50] [24298afd]    ✓ Browsed 26s
[08:27:50] [24298afd] 
✅ Google Warm-up complete! (1 NL sites, 0 generic)
[08:27:50] [24298afd] Blocked 331 media requests
[08:27:50] [84b19dec]    ✓ Browsed 29s
[08:27:50] [24298afd] Done
[08:27:50] [24298afd] Done (running: 1, pending: 0)
[08:27:51] [84b19dec] 
✅ Google Warm-up complete! (0 GB sites, 1 generic)
[08:27:51] [84b19dec] Blocked 16 media requests
[08:27:54] [84b19dec] Done
[08:27:54] [84b19dec] Done (running: 0, pending: 0)
[08:27:54] All done
[08:31:24] Connected to Octo Browser
[08:31:24] Mode: GOOGLE
[08:31:27] Queued 2 profiles (max parallel: 3)
[08:31:27] [24298afd] Started (running: 1)
[08:31:27] [84b19dec] Started (running: 2)
[08:31:27] [24298afd] Starting (google)...
[08:31:27] [84b19dec] Starting (google)...
[08:31:31] [24298afd] Country detected: The Netherlands
[08:31:31] [24298afd] Proxy: 185.168.250.53 (The Netherlands)
[08:31:32] [84b19dec] Country detected: United Kingdom
[08:31:32] [84b19dec] Proxy: 161.0.4.138 (United Kingdom)
[08:31:33] [24298afd] Media blocking enabled
[08:31:33] [24298afd] Notifications blocked
[08:31:33] [24298afd] Connected to Octo Browser
[08:31:33] [24298afd] Window minimized via CDP
[08:31:33] [24298afd] 🚀 Google Warm-up mode
[08:31:33] [24298afd] 📺 YouTube activity enabled via checkbox (100% chance)
[08:31:33] [24298afd] 🌍 Geo mode (NL): 5 local + 7 generic = 12 sites
[08:31:33] [24298afd] 📋 Plan: 12 sites + YouTube activity + Gmail checks
[08:31:33] [24298afd] 
[1/12] https://corelvector.com
[08:31:33] [24298afd]    🌐 Browsing only (no auth)
[08:31:33] [84b19dec] Media blocking enabled
[08:31:33] [84b19dec] Notifications blocked
[08:31:33] [84b19dec] Connected to Octo Browser
[08:31:33] [84b19dec] Window minimized via CDP
[08:31:33] [84b19dec] 🚀 Google Warm-up mode
[08:31:33] [84b19dec] 📺 YouTube activity enabled via checkbox (100% chance)
[08:31:33] [84b19dec] 🌍 Geo mode (GB): 5 local + 9 generic = 14 sites
[08:31:33] [84b19dec] 📋 Plan: 14 sites + YouTube activity + Gmail checks
[08:31:33] [84b19dec] 
[1/14] https://slideshare.net
[08:31:33] [84b19dec]    🌐 Browsing only (no auth)
[08:31:38] [84b19dec]    Browsing for 29s...
[08:31:49] [24298afd]    Browsing for 22s...
[08:32:04] Stopping...
[08:32:04] [24298afd] 
✅ Google Warm-up complete! (0 NL sites, 1 generic)
[08:32:04] [24298afd] Blocked 235 media requests
[08:32:04] [24298afd] Done
[08:32:04] [24298afd] Done (running: 1, pending: 0)
[08:32:08] [84b19dec] 
✅ Google Warm-up complete! (0 GB sites, 1 generic)
[08:32:08] [84b19dec] Blocked 2 media requests
[08:32:10] [84b19dec] Done
[08:32:10] [84b19dec] Done (running: 0, pending: 0)
[08:32:10] All done
